  compilation object save succeeded; see D:\DirectXObject\HelloWorld\x64\Debug\CubePS.cso
  compilation object save succeeded; see D:\DirectXObject\HelloWorld\x64\Debug\CubeVS.cso
  Component.cpp
  Material.cpp
  Mesh.cpp
  ScriptBase.cpp
  Transform.cpp
  DirectX11.cpp
  DirectX11Pipeline.cpp
  ConstantBuffer.cpp
  InputAssembler.cpp
  PixelShader.cpp
  VertexShader.cpp
  GameObject.cpp
  Geometry.cpp
  Matrix4x4.cpp
  Vector2.cpp
  Vector3.cpp
  Log.cpp
  Random.cpp
  CubeBehavior.cpp
  ShaderTable.cpp
  正在生成代码...
  正在编译...
  Time.cpp
  Keyboard.cpp
  Mouse.cpp
  Window.cpp
  WinMain.cpp
  ShadowEngine.cpp
  正在生成代码...
  HelloWorld.vcxproj -> D:\DirectXObject\HelloWorld\x64\Debug\HelloWorld.exe
