d:\directxobject\helloworld\helloworld\x64\debug\vc142.pdb
d:\directxobject\helloworld\helloworld\x64\debug\vc142.idb
d:\directxobject\helloworld\helloworld\x64\debug\shadertable.obj
d:\directxobject\helloworld\helloworld\x64\debug\cubebehavior.obj
d:\directxobject\helloworld\helloworld\x64\debug\random.obj
d:\directxobject\helloworld\helloworld\x64\debug\log.obj
d:\directxobject\helloworld\helloworld\x64\debug\vector3.obj
d:\directxobject\helloworld\helloworld\x64\debug\vector2.obj
d:\directxobject\helloworld\helloworld\x64\debug\matrix4x4.obj
d:\directxobject\helloworld\helloworld\x64\debug\geometry.obj
d:\directxobject\helloworld\helloworld\x64\debug\gameobject.obj
d:\directxobject\helloworld\helloworld\x64\debug\vertexshader.obj
d:\directxobject\helloworld\helloworld\x64\debug\pixelshader.obj
d:\directxobject\helloworld\helloworld\x64\debug\inputassembler.obj
d:\directxobject\helloworld\helloworld\x64\debug\constantbuffer.obj
d:\directxobject\helloworld\helloworld\x64\debug\directx11pipeline.obj
d:\directxobject\helloworld\helloworld\x64\debug\directx11.obj
d:\directxobject\helloworld\helloworld\x64\debug\transform.obj
d:\directxobject\helloworld\helloworld\x64\debug\scriptbase.obj
d:\directxobject\helloworld\helloworld\x64\debug\mesh.obj
d:\directxobject\helloworld\helloworld\x64\debug\material.obj
d:\directxobject\helloworld\helloworld\x64\debug\component.obj
d:\directxobject\helloworld\helloworld\x64\debug\shadowengine.obj
d:\directxobject\helloworld\helloworld\x64\debug\winmain.obj
d:\directxobject\helloworld\helloworld\x64\debug\window.obj
d:\directxobject\helloworld\helloworld\x64\debug\mouse.obj
d:\directxobject\helloworld\helloworld\x64\debug\keyboard.obj
d:\directxobject\helloworld\helloworld\x64\debug\time.obj
d:\directxobject\helloworld\x64\debug\cubeps.cso
d:\directxobject\helloworld\x64\debug\cubevs.cso
d:\directxobject\helloworld\x64\debug\helloworld.exe
d:\directxobject\helloworld\x64\debug\helloworld.ilk
d:\directxobject\helloworld\x64\debug\helloworld.pdb
d:\directxobject\helloworld\helloworld\x64\debug\helloworld.tlog\cl.command.1.tlog
d:\directxobject\helloworld\helloworld\x64\debug\helloworld.tlog\cl.read.1.tlog
d:\directxobject\helloworld\helloworld\x64\debug\helloworld.tlog\cl.write.1.tlog
d:\directxobject\helloworld\helloworld\x64\debug\helloworld.tlog\fxc.command.1.tlog
d:\directxobject\helloworld\helloworld\x64\debug\helloworld.tlog\fxc.read.1.tlog
d:\directxobject\helloworld\helloworld\x64\debug\helloworld.tlog\fxc.write.1.tlog
d:\directxobject\helloworld\helloworld\x64\debug\helloworld.tlog\link.command.1.tlog
d:\directxobject\helloworld\helloworld\x64\debug\helloworld.tlog\link.read.1.tlog
d:\directxobject\helloworld\helloworld\x64\debug\helloworld.tlog\link.write.1.tlog
